<?xml version="1.0" encoding="UTF-8"?>
<testsuite name="REST Project 7.https://api.github.com TestSuite" tests="1" failures="0" errors="0" time="1.473"><properties><property name="java.specification.version" value="15"/><property name="sun.cpu.isalist" value="amd64"/><property name="Log4jContextSelector" value="org.apache.logging.log4j.core.selector.BasicContextSelector"/><property name="sun.jnu.encoding" value="Cp1252"/><property name="java.class.path" value="C:\Program Files\SmartBear\ReadyAPI-3.5.2\bin\ready-api-ui-3.5.2.jar;C:\Program Files\SmartBear\ReadyAPI-3.5.2\bin\..\lib\accessors-smart-1.2.jar;C:\Program Files\SmartBear\ReadyAPI-3.5.2\bin\..\lib\activation-1.1.jar;C:\Program Files\SmartBear\ReadyAPI-3.5.2\bin\..\lib\activeQueryBuilder-activeQueryBuilder.jar;C:\Program Files\SmartBear\ReadyAPI-3.5.2\bin\..\lib\allure-java-commons-2.13.3.jar;C:\Program Files\SmartBear\ReadyAPI-3.5.2\bin\..\lib\allure-model-2.13.3.jar;C:\Program Files\SmartBear\ReadyAPI-3.5.2\bin\..\lib\analytics-core-2.5.7.jar;C:\Program Files\SmartBear\ReadyAPI-3.5.2\bin\..\lib\animal-sniffer-annotations-1.17.jar;C:\Program Files\SmartBear\ReadyAPI-3.5.2\bin\..\lib\annotations-2.0.0.jar;C:\Program Files\SmartBear\ReadyAPI-3.5.2\bin\..\lib\ant-1.10.8.jar;C:\Program Files\SmartBear\ReadyAPI-3.5.2\bin\..\lib\ant-antlr-1.10.8.jar;C:\Program Files\SmartBear\ReadyAPI-3.5.2\bin\..\lib\ant-junit-1.10.8.jar;C:\Program Files\SmartBear\ReadyAPI-3.5.2\bin\..\lib\ant-launcher-1.10.8.jar;C:\Program Files\SmartBear\ReadyAPI-3.5.2\bin\..\lib\antlr4-runtime-4.7.2.jar;C:\Program Files\SmartBear\ReadyAPI-3.5.2\bin\..\lib\aopalliance-1.0.jar;C:\Program Files\SmartBear\ReadyAPI-3.5.2\bin\..\lib\aopalliance-repackaged-2.6.1.jar;C:\Program Files\SmartBear\ReadyAPI-3.5.2\bin\..\lib\asm-5.0.4.jar;C:\Program Files\SmartBear\ReadyAPI-3.5.2\bin\..\lib\autocomplete-2.6.0.jar;C:\Program Files\SmartBear\ReadyAPI-3.5.2\bin\..\lib\aws-java-sdk-core-1.11.136.jar;C:\Program Files\SmartBear\ReadyAPI-3.5.2\bin\..\lib\aws-java-sdk-ec2-1.11.136.jar;C:\Program Files\SmartBear\ReadyAPI-3.5.2\bin\..\lib\axis-1.4.jar;C:\Program Files\SmartBear\ReadyAPI-3.5.2\bin\..\lib\axis-ant-1.4.jar;C:\Program Files\SmartBear\ReadyAPI-3.5.2\bin\..\lib\batik-anim-1.13.jar;C:\Program Files\SmartBear\ReadyAPI-3.5.2\bin\..\lib\batik-awt-util-1.13.jar;C:\Program Files\SmartBear\ReadyAPI-3.5.2\bin\..\lib\batik-bridge-1.13.jar;C:\Program Files\SmartBear\ReadyAPI-3.5.2\bin\..\lib\batik-constants-1.13.jar;C:\Program Files\SmartBear\ReadyAPI-3.5.2\bin\..\lib\batik-css-1.13.jar;C:\Program Files\SmartBear\ReadyAPI-3.5.2\bin\..\lib\batik-dom-1.13.jar;C:\Program Files\SmartBear\ReadyAPI-3.5.2\bin\..\lib\batik-ext-1.13.jar;C:\Program Files\SmartBear\ReadyAPI-3.5.2\bin\..\lib\batik-gvt-1.13.jar;C:\Program Files\SmartBear\ReadyAPI-3.5.2\bin\..\lib\batik-i18n-1.13.jar;C:\Program Files\SmartBear\ReadyAPI-3.5.2\bin\..\lib\batik-parser-1.13.jar;C:\Program Files\SmartBear\ReadyAPI-3.5.2\bin\..\lib\batik-script-1.13.jar;C:\Program Files\SmartBear\ReadyAPI-3.5.2\bin\..\lib\batik-shared-resources-1.13.jar;C:\Program Files\SmartBear\ReadyAPI-3.5.2\bin\..\lib\batik-svg-dom-1.13.jar;C:\Program Files\SmartBear\ReadyAPI-3.5.2\bin\..\lib\batik-svggen-1.13.jar;C:\Program Files\SmartBear\ReadyAPI-3.5.2\bin\..\lib\batik-transcoder-1.13.jar;C:\Program Files\SmartBear\ReadyAPI-3.5.2\bin\..\lib\batik-util-1.13.jar;C:\Program Files\SmartBear\ReadyAPI-3.5.2\bin\..\lib\batik-xml-1.13.jar;C:\Program Files\SmartBear\ReadyAPI-3.5.2\bin\..\lib\bcmail-jdk15on-1.64.jar;C:\Program Files\SmartBear\ReadyAPI-3.5.2\bin\..\lib\bcpkix-jdk15on-1.64.jar;C:\Program Files\SmartBear\ReadyAPI-3.5.2\bin\..\lib\bcprov-jdk15on-1.64.jar;C:\Program Files\SmartBear\ReadyAPI-3.5.2\bin\..\lib\bctsp-jdk15on-1.46.jar;C:\Program Files\SmartBear\ReadyAPI-3.5.2\bin\..\lib\binding-2.0.1.jar;C:\Program Files\SmartBear\ReadyAPI-3.5.2\bin\..\lib\btf-1.2.jar;C:\Program Files\SmartBear\ReadyAPI-3.5.2\bin\..\lib\castor-core-1.4.1.jar;C:\Program Files\SmartBear\ReadyAPI-3.5.2\bin\..\lib\castor-xml-1.4.1.jar;C:\Program Files\SmartBear\ReadyAPI-3.5.2\bin\..\lib\checker-qual-2.8.1.jar;C:\Program Files\SmartBear\ReadyAPI-3.5.2\bin\..\lib\classgraph-4.6.32.jar;C:\Program Files\SmartBear\ReadyAPI-3.5.2\bin\..\lib\common-ui-3.5.2.jar;C:\Program Files\SmartBear\ReadyAPI-3.5.2\bin\..\lib\commons-beanutils-1.9.4.jar;C:\Program Files\SmartBear\ReadyAPI-3.5.2\bin\..\lib\commons-cli-1.4.jar;C:\Program Files\SmartBear\ReadyAPI-3.5.2\bin\..\lib\commons-codec-1.6.jar;C:\Program Files\SmartBear\ReadyAPI-3.5.2\bin\..\lib\commons-collections-3.2.2.jar;C:\Program Files\SmartBear\ReadyAPI-3.5.2\bin\..\lib\commons-collections4-4.2.jar;C:\Program Files\SmartBear\ReadyAPI-3.5.2\bin\..\lib\commons-compress-1.19.jar;C:\Program Files\SmartBear\ReadyAPI-3.5.2\bin\..\lib\commons-csv-1.1.jar;C:\Program Files\SmartBear\ReadyAPI-3.5.2\bin\..\lib\commons-digester-2.1.jar;C:\Program Files\SmartBear\ReadyAPI-3.5.2\bin\..\lib\commons-discovery-0.2.jar;C:\Program Files\SmartBear\ReadyAPI-3.5.2\bin\..\lib\commons-fileupload-1.4.jar;C:\Program Files\SmartBear\ReadyAPI-3.5.2\bin\..\lib\commons-httpclient-3.1.jar;C:\Program Files\SmartBear\ReadyAPI-3.5.2\bin\..\lib\commons-io-secure-2.6.1.jar;C:\Program Files\SmartBear\ReadyAPI-3.5.2\bin\..\lib\commons-lang-2.6.jar;C:\Program Files\SmartBear\ReadyAPI-3.5.2\bin\..\lib\commons-lang3-3.7.jar;C:\Program Files\SmartBear\ReadyAPI-3.5.2\bin\..\lib\commons-logging-1.2.jar;C:\Program Files\SmartBear\ReadyAPI-3.5.2\bin\..\lib\commons-math-1.2.jar;C:\Program Files\SmartBear\ReadyAPI-3.5.2\bin\..\lib\commons-math3-3.6.1.jar;C:\Program Files\SmartBear\ReadyAPI-3.5.2\bin\..\lib\commons-net-2.0.jar;C:\Program Files\SmartBear\ReadyAPI-3.5.2\bin\..\lib\commons-text-1.4.jar;C:\Program Files\SmartBear\ReadyAPI-3.5.2\bin\..\lib\controlsfx-8.40.12.jar;C:\Program Files\SmartBear\ReadyAPI-3.5.2\bin\..\lib\core-api-3.6.0.jar;C:\Program Files\SmartBear\ReadyAPI-3.5.2\bin\..\lib\core-httpclient-impl-3.6.0.jar;C:\Program Files\SmartBear\ReadyAPI-3.5.2\bin\..\lib\curvesapi-1.06.jar;C:\Program Files\SmartBear\ReadyAPI-3.5.2\bin\..\lib\delight-rhino-sandbox-0.0.6.jar;C:\Program Files\SmartBear\ReadyAPI-3.5.2\bin\..\lib\deltahex-core-0.1.2.jar;C:\Program Files\SmartBear\ReadyAPI-3.5.2\bin\..\lib\deltahex-operation-0.1.2.jar;C:\Program Files\SmartBear\ReadyAPI-3.5.2\bin\..\lib\deltahex-operation-swing-0.1.2.jar;C:\Program Files\SmartBear\ReadyAPI-3.5.2\bin\..\lib\deltahex-swing-0.1.2.jar;C:\Program Files\SmartBear\ReadyAPI-3.5.2\bin\..\lib\ecj-3.21.0.jar;C:\Program Files\SmartBear\ReadyAPI-3.5.2\bin\..\lib\error_prone_annotations-2.3.2.jar;C:\Program Files\SmartBear\ReadyAPI-3.5.2\bin\..\lib\exbin-binary_data-0.1.2.jar;C:\Program Files\SmartBear\ReadyAPI-3.5.2\bin\..\lib\failureaccess-1.0.1.jar;C:\Program Files\SmartBear\ReadyAPI-3.5.2\bin\..\lib\flex-messaging-common-1.0.jar;C:\Program Files\SmartBear\ReadyAPI-3.5.2\bin\..\lib\flex-messaging-core-1.0.jar;C:\Program Files\SmartBear\ReadyAPI-3.5.2\bin\..\lib\flying-saucer-core-9.0.7.jar;C:\Program Files\SmartBear\ReadyAPI-3.5.2\bin\..\lib\flying-saucer-pdf-9.0.7.jar;C:\Program Files\SmartBear\ReadyAPI-3.5.2\bin\..\lib\forms-1.0.7.jar;C:\Program Files\SmartBear\ReadyAPI-3.5.2\bin\..\lib\google-http-client-1.21.0.jar;C:\Program Files\SmartBear\ReadyAPI-3.5.2\bin\..\lib\google-oauth-client-1.21.0.jar;C:\Program Files\SmartBear\ReadyAPI-3.5.2\bin\..\lib\governator-1.17.10.jar;C:\Program Files\SmartBear\ReadyAPI-3.5.2\bin\..\lib\governator-api-1.17.10.jar;C:\Program Files\SmartBear\ReadyAPI-3.5.2\bin\..\lib\governator-core-1.17.10.jar;C:\Program Files\SmartBear\ReadyAPI-3.5.2\bin\..\lib\graphql-java-13.0.jar;C:\Program Files\SmartBear\ReadyAPI-3.5.2\bin\..\lib\groovy-3.0.6.jar;C:\Program Files\SmartBear\ReadyAPI-3.5.2\bin\..\lib\groovy-all-3.0.6.jar;C:\Program Files\SmartBear\ReadyAPI-3.5.2\bin\..\lib\groovy-ant-3.0.6.jar;C:\Program Files\SmartBear\ReadyAPI-3.5.2\bin\..\lib\groovy-astbuilder-3.0.6.jar;C:\Program Files\SmartBear\ReadyAPI-3.5.2\bin\..\lib\groovy-cli-picocli-3.0.6.jar;C:\Program Files\SmartBear\ReadyAPI-3.5.2\bin\..\lib\groovy-console-3.0.6.jar;C:\Program Files\SmartBear\ReadyAPI-3.5.2\bin\..\lib\groovy-datetime-3.0.6.jar;C:\Program Files\SmartBear\ReadyAPI-3.5.2\bin\..\lib\groovy-dateutil-3.0.6.jar;C:\Program Files\SmartBear\ReadyAPI-3.5.2\bin\..\lib\groovy-docgenerator-3.0.6.jar;C:\Program Files\SmartBear\ReadyAPI-3.5.2\bin\..\lib\groovy-groovydoc-3.0.6.jar;C:\Program Files\SmartBear\ReadyAPI-3.5.2\bin\..\lib\groovy-groovysh-3.0.6.jar;C:\Program Files\SmartBear\ReadyAPI-3.5.2\bin\..\lib\groovy-jmx-3.0.6.jar;C:\Program Files\SmartBear\ReadyAPI-3.5.2\bin\..\lib\groovy-json-3.0.6.jar;C:\Program Files\SmartBear\ReadyAPI-3.5.2\bin\..\lib\groovy-jsr223-3.0.6.jar;C:\Program Files\SmartBear\ReadyAPI-3.5.2\bin\..\lib\groovy-macro-3.0.6.jar;C:\Program Files\SmartBear\ReadyAPI-3.5.2\bin\..\lib\groovy-nio-3.0.6.jar;C:\Program Files\SmartBear\ReadyAPI-3.5.2\bin\..\lib\groovy-servlet-3.0.6.jar;C:\Program Files\SmartBear\ReadyAPI-3.5.2\bin\..\lib\groovy-sql-3.0.6.jar;C:\Program Files\SmartBear\ReadyAPI-3.5.2\bin\..\lib\groovy-swing-3.0.6.jar;C:\Program Files\SmartBear\ReadyAPI-3.5.2\bin\..\lib\groovy-templates-3.0.6.jar;C:\Program Files\SmartBear\ReadyAPI-3.5.2\bin\..\lib\groovy-test-3.0.6.jar;C:\Program Files\SmartBear\ReadyAPI-3.5.2\bin\..\lib\groovy-test-junit5-3.0.6.jar;C:\Program Files\SmartBear\ReadyAPI-3.5.2\bin\..\lib\groovy-testng-3.0.6.jar;C:\Program Files\SmartBear\ReadyAPI-3.5.2\bin\..\lib\groovy-xml-3.0.6.jar;C:\Program Files\SmartBear\ReadyAPI-3.5.2\bin\..\lib\gson-2.3.1.jar;C:\Program Files\SmartBear\ReadyAPI-3.5.2\bin\..\lib\guava-28.0-jre.jar;C:\Program Files\SmartBear\ReadyAPI-3.5.2\bin\..\lib\guice-4.2.2.jar;C:\Program Files\SmartBear\ReadyAPI-3.5.2\bin\..\lib\guice-assistedinject-4.2.2.jar;C:\Program Files\SmartBear\ReadyAPI-3.5.2\bin\..\lib\guice-grapher-4.1.0.jar;C:\Program Files\SmartBear\ReadyAPI-3.5.2\bin\..\lib\guice-multibindings-4.2.2.jar;C:\Program Files\SmartBear\ReadyAPI-3.5.2\bin\..\lib\h2-1.4.200.jar;C:\Program Files\SmartBear\ReadyAPI-3.5.2\bin\..\lib\hamcrest-core-1.3.jar;C:\Program Files\SmartBear\ReadyAPI-3.5.2\bin\..\lib\har-java-1.0.0.jar;C:\Program Files\SmartBear\ReadyAPI-3.5.2\bin\..\lib\hermes-1.14.jar;C:\Program Files\SmartBear\ReadyAPI-3.5.2\bin\..\lib\hk2-api-2.5.0-b32.jar;C:\Program Files\SmartBear\ReadyAPI-3.5.2\bin\..\lib\hk2-locator-2.6.1.jar;C:\Program Files\SmartBear\ReadyAPI-3.5.2\bin\..\lib\hk2-utils-2.6.1.jar;C:\Program Files\SmartBear\ReadyAPI-3.5.2\bin\..\lib\htmlunit-2.33-sb-fixed.jar;C:\Program Files\SmartBear\ReadyAPI-3.5.2\bin\..\lib\htmlunit-core-js-2.33.jar;C:\Program Files\SmartBear\ReadyAPI-3.5.2\bin\..\lib\htmlunit-cssparser-1.2.0.jar;C:\Program Files\SmartBear\ReadyAPI-3.5.2\bin\..\lib\httpasyncclient-4.1.jar;C:\Program Files\SmartBear\ReadyAPI-3.5.2\bin\..\lib\httpclient-4.5.2.jar;C:\Program Files\SmartBear\ReadyAPI-3.5.2\bin\..\lib\httpcore-4.4.3.jar;C:\Program Files\SmartBear\ReadyAPI-3.5.2\bin\..\lib\httpcore-nio-4.4.1.jar;C:\Program Files\SmartBear\ReadyAPI-3.5.2\bin\..\lib\httpmime-4.5.6.jar;C:\Program Files\SmartBear\ReadyAPI-3.5.2\bin\..\lib\idw-1.6.1.jar;C:\Program Files\SmartBear\ReadyAPI-3.5.2\bin\..\lib\ini4j-0.5.4.jar;C:\Program Files\SmartBear\ReadyAPI-3.5.2\bin\..\lib\ion-java-1.0.2.jar;C:\Program Files\SmartBear\ReadyAPI-3.5.2\bin\..\lib\itext-2.1.7.jar;C:\Program Files\SmartBear\ReadyAPI-3.5.2\bin\..\lib\j2objc-annotations-1.3.jar;C:\Program Files\SmartBear\ReadyAPI-3.5.2\bin\..\lib\jackson-annotations-2.11.3.jar;C:\Program Files\SmartBear\ReadyAPI-3.5.2\bin\..\lib\jackson-core-2.11.3.jar;C:\Program Files\SmartBear\ReadyAPI-3.5.2\bin\..\lib\jackson-core-asl-1.9.13.jar;C:\Program Files\SmartBear\ReadyAPI-3.5.2\bin\..\lib\jackson-coreutils-1.8.jar;C:\Program Files\SmartBear\ReadyAPI-3.5.2\bin\..\lib\jackson-databind-2.11.3.jar;C:\Program Files\SmartBear\ReadyAPI-3.5.2\bin\..\lib\jackson-dataformat-cbor-2.6.6.jar;C:\Program Files\SmartBear\ReadyAPI-3.5.2\bin\..\lib\jackson-dataformat-xml-2.11.3.jar;C:\Program Files\SmartBear\ReadyAPI-3.5.2\bin\..\lib\jackson-dataformat-yaml-2.11.3.jar;C:\Program Files\SmartBear\ReadyAPI-3.5.2\bin\..\lib\jackson-datatype-joda-2.10.1.jar;C:\Program Files\SmartBear\ReadyAPI-3.5.2\bin\..\lib\jackson-datatype-jsr310-2.11.3.jar;C:\Program Files\SmartBear\ReadyAPI-3.5.2\bin\..\lib\jackson-jaxrs-base-2.11.3.jar;C:\Program Files\SmartBear\ReadyAPI-3.5.2\bin\..\lib\jackson-jaxrs-json-provider-2.10.1.jar;C:\Program Files\SmartBear\ReadyAPI-3.5.2\bin\..\lib\jackson-jaxrs-xml-provider-2.11.3.jar;C:\Program Files\SmartBear\ReadyAPI-3.5.2\bin\..\lib\jackson-jaxrs-yaml-provider-2.10.1.jar;C:\Program Files\SmartBear\ReadyAPI-3.5.2\bin\..\lib\jackson-mapper-asl-1.9.13.jar;C:\Program Files\SmartBear\ReadyAPI-3.5.2\bin\..\lib\jackson-module-jaxb-annotations-2.11.3.jar;C:\Program Files\SmartBear\ReadyAPI-3.5.2\bin\..\lib\jackson-module-jsonSchema-2.10.0.jar;C:\Program Files\SmartBear\ReadyAPI-3.5.2\bin\..\lib\jacob-1.14.3.jar;C:\Program Files\SmartBear\ReadyAPI-3.5.2\bin\..\lib\jakarta.activation-2.0.0.jar;C:\Program Files\SmartBear\ReadyAPI-3.5.2\bin\..\lib\jakarta.activation-api-1.2.1.jar;C:\Program Files\SmartBear\ReadyAPI-3.5.2\bin\..\lib\jakarta.annotation-api-1.3.5.jar;C:\Program Files\SmartBear\ReadyAPI-3.5.2\bin\..\lib\jakarta.inject-2.6.1.jar;C:\Program Files\SmartBear\ReadyAPI-3.5.2\bin\..\lib\jakarta.mail-2.0.0.jar;C:\Program Files\SmartBear\ReadyAPI-3.5.2\bin\..\lib\jakarta.validation-api-2.0.2.jar;C:\Program Files\SmartBear\ReadyAPI-3.5.2\bin\..\lib\jakarta.ws.rs-api-2.1.6.jar;C:\Program Files\SmartBear\ReadyAPI-3.5.2\bin\..\lib\jakarta.xml.bind-api-2.3.2.jar;C:\Program Files\SmartBear\ReadyAPI-3.5.2\bin\..\lib\japura-1.18.3.jar;C:\Program Files\SmartBear\ReadyAPI-3.5.2\bin\..\lib\jasperreports-6.13.0-sb-fixed.jar;C:\Program Files\SmartBear\ReadyAPI-3.5.2\bin\..\lib\java-dataloader-2.1.1.jar;C:\Program Files\SmartBear\ReadyAPI-3.5.2\bin\..\lib\JavaEWAH-1.1.6.jar;C:\Program Files\SmartBear\ReadyAPI-3.5.2\bin\..\lib\javafx-base-15-win.jar;C:\Program Files\SmartBear\ReadyAPI-3.5.2\bin\..\lib\javafx-base-15.jar;C:\Program Files\SmartBear\ReadyAPI-3.5.2\bin\..\lib\javafx-controls-15-win.jar;C:\Program Files\SmartBear\ReadyAPI-3.5.2\bin\..\lib\javafx-controls-15.jar;C:\Program Files\SmartBear\ReadyAPI-3.5.2\bin\..\lib\javafx-graphics-15-win.jar;C:\Program Files\SmartBear\ReadyAPI-3.5.2\bin\..\lib\javafx-graphics-15.jar;C:\Program Files\SmartBear\ReadyAPI-3.5.2\bin\..\lib\javafx-media-15-win.jar;C:\Program Files\SmartBear\ReadyAPI-3.5.2\bin\..\lib\javafx-media-15.jar;C:\Program Files\SmartBear\ReadyAPI-3.5.2\bin\..\lib\javafx-swing-15-win.jar;C:\Program Files\SmartBear\ReadyAPI-3.5.2\bin\..\lib\javafx-swing-15.jar;C:\Program Files\SmartBear\ReadyAPI-3.5.2\bin\..\lib\javafx-web-15-win.jar;C:\Program Files\SmartBear\ReadyAPI-3.5.2\bin\..\lib\javafx-web-15.jar;C:\Program Files\SmartBear\ReadyAPI-3.5.2\bin\..\lib\javaluator-3.0.0.jar;C:\Program Files\SmartBear\ReadyAPI-3.5.2\bin\..\lib\javaparser-core-3.16.1.jar;C:\Program Files\SmartBear\ReadyAPI-3.5.2\bin\..\lib\javassist-3.19.0-GA.jar;C:\Program Files\SmartBear\ReadyAPI-3.5.2\bin\..\lib\javax.activation-api-1.2.0.jar;C:\Program Files\SmartBear\ReadyAPI-3.5.2\bin\..\lib\javax.annotation-api-1.3.2.jar;C:\Program Files\SmartBear\ReadyAPI-3.5.2\bin\..\lib\javax.inject-1.jar;C:\Program Files\SmartBear\ReadyAPI-3.5.2\bin\..\lib\javax.inject-2.5.0-b32.jar;C:\Program Files\SmartBear\ReadyAPI-3.5.2\bin\..\lib\javax.json-1.0-b06.jar;C:\Program Files\SmartBear\ReadyAPI-3.5.2\bin\..\lib\javax.json-api-1.0-b06.jar;C:\Program Files\SmartBear\ReadyAPI-3.5.2\bin\..\lib\javax.servlet-api-3.1.0.jar;C:\Program Files\SmartBear\ReadyAPI-3.5.2\bin\..\lib\javax.ws.rs-api-2.0.1.jar;C:\Program Files\SmartBear\ReadyAPI-3.5.2\bin\..\lib\javax.xml.soap-api-1.4.0.jar;C:\Program Files\SmartBear\ReadyAPI-3.5.2\bin\..\lib\jaxb-api-2.3.1.jar;C:\Program Files\SmartBear\ReadyAPI-3.5.2\bin\..\lib\jaxb-core-2.3.0.1.jar;C:\Program Files\SmartBear\ReadyAPI-3.5.2\bin\..\lib\jaxb-impl-2.3.1.jar;C:\Program Files\SmartBear\ReadyAPI-3.5.2\bin\..\lib\jaxrpc-protection-jdk12.jar;C:\Program Files\SmartBear\ReadyAPI-3.5.2\bin\..\lib\jcalendar-1.3.2.jar;C:\Program Files\SmartBear\ReadyAPI-3.5.2\bin\..\lib\jcommander-1.78.jar;C:\Program Files\SmartBear\ReadyAPI-3.5.2\bin\..\lib\jcommon-1.0.23.jar;C:\Program Files\SmartBear\ReadyAPI-3.5.2\bin\..\lib\jdom-1.1.3.jar;C:\Program Files\SmartBear\ReadyAPI-3.5.2\bin\..\lib\jdtcore-3.2.0.v_658.jar;C:\Program Files\SmartBear\ReadyAPI-3.5.2\bin\..\lib\jersey-client-2.30.1.jar;C:\Program Files\SmartBear\ReadyAPI-3.5.2\bin\..\lib\jersey-common-2.30.1.jar;C:\Program Files\SmartBear\ReadyAPI-3.5.2\bin\..\lib\jersey-container-servlet-core-2.25.1.jar;C:\Program Files\SmartBear\ReadyAPI-3.5.2\bin\..\lib\jersey-entity-filtering-2.30.1.jar;C:\Program Files\SmartBear\ReadyAPI-3.5.2\bin\..\lib\jersey-hk2-2.29.1.jar;C:\Program Files\SmartBear\ReadyAPI-3.5.2\bin\..\lib\jersey-media-jaxb-2.25.1.jar;C:\Program Files\SmartBear\ReadyAPI-3.5.2\bin\..\lib\jersey-media-json-jackson-2.30.1.jar;C:\Program Files\SmartBear\ReadyAPI-3.5.2\bin\..\lib\jersey-media-multipart-2.25.1.jar;C:\Program Files\SmartBear\ReadyAPI-3.5.2\bin\..\lib\jersey-server-2.25.1.jar;C:\Program Files\SmartBear\ReadyAPI-3.5.2\bin\..\lib\jettison-1.2.jar;C:\Program Files\SmartBear\ReadyAPI-3.5.2\bin\..\lib\jetty-client-9.4.12.v20180830.jar;C:\Program Files\SmartBear\ReadyAPI-3.5.2\bin\..\lib\jetty-http-9.4.35.v20201120.jar;C:\Program Files\SmartBear\ReadyAPI-3.5.2\bin\..\lib\jetty-io-9.4.35.v20201120.jar;C:\Program Files\SmartBear\ReadyAPI-3.5.2\bin\..\lib\jetty-security-9.4.35.v20201120.jar;C:\Program Files\SmartBear\ReadyAPI-3.5.2\bin\..\lib\jetty-server-9.4.35.v20201120.jar;C:\Program Files\SmartBear\ReadyAPI-3.5.2\bin\..\lib\jetty-servlet-9.4.35.v20201120.jar;C:\Program Files\SmartBear\ReadyAPI-3.5.2\bin\..\lib\jetty-util-9.4.35.v20201120.jar;C:\Program Files\SmartBear\ReadyAPI-3.5.2\bin\..\lib\jetty-util-ajax-9.4.35.v20201120.jar;C:\Program Files\SmartBear\ReadyAPI-3.5.2\bin\..\lib\jetty-xml-9.4.12.v20180830.jar;C:\Program Files\SmartBear\ReadyAPI-3.5.2\bin\..\lib\jfreechart-1.0.19.jar;C:\Program Files\SmartBear\ReadyAPI-3.5.2\bin\..\lib\jhall-protection.jar;C:\Program Files\SmartBear\ReadyAPI-3.5.2\bin\..\lib\jiconfont-1.0.0.jar;C:\Program Files\SmartBear\ReadyAPI-3.5.2\bin\..\lib\jiconfont-font_awesome-4.7.0.0.jar;C:\Program Files\SmartBear\ReadyAPI-3.5.2\bin\..\lib\jiconfont-swing-1.0.1.jar;C:\Program Files\SmartBear\ReadyAPI-3.5.2\bin\..\lib\jide-charts-3.6.6.jar;C:\Program Files\SmartBear\ReadyAPI-3.5.2\bin\..\lib\jide-common-3.6.6.jar;C:\Program Files\SmartBear\ReadyAPI-3.5.2\bin\..\lib\jline-2.14.6.jar;C:\Program Files\SmartBear\ReadyAPI-3.5.2\bin\..\lib\jmespath-java-1.11.136.jar;C:\Program Files\SmartBear\ReadyAPI-3.5.2\bin\..\lib\jms-1.1.jar;C:\Program Files\SmartBear\ReadyAPI-3.5.2\bin\..\lib\jna-4.5.2.jar;C:\Program Files\SmartBear\ReadyAPI-3.5.2\bin\..\lib\jna-platform-4.5.2.jar;C:\Program Files\SmartBear\ReadyAPI-3.5.2\bin\..\lib\joda-time-2.8.1.jar;C:\Program Files\SmartBear\ReadyAPI-3.5.2\bin\..\lib\joor-java-8-0.9.10.jar;C:\Program Files\SmartBear\ReadyAPI-3.5.2\bin\..\lib\jopt-simple-5.0.3.jar;C:\Program Files\SmartBear\ReadyAPI-3.5.2\bin\..\lib\jsch-0.1.54.jar;C:\Program Files\SmartBear\ReadyAPI-3.5.2\bin\..\lib\json-20090211.jar;C:\Program Files\SmartBear\ReadyAPI-3.5.2\bin\..\lib\json-patch-1.6.jar;C:\Program Files\SmartBear\ReadyAPI-3.5.2\bin\..\lib\json-path-2.4.0-fixed.jar;C:\Program Files\SmartBear\ReadyAPI-3.5.2\bin\..\lib\json-schema-core-1.2.8.jar;C:\Program Files\SmartBear\ReadyAPI-3.5.2\bin\..\lib\json-schema-validator-0.1.7.jar;C:\Program Files\SmartBear\ReadyAPI-3.5.2\bin\..\lib\json-schema-validator-2.2.8.jar;C:\Program Files\SmartBear\ReadyAPI-3.5.2\bin\..\lib\json-smart-2.3.jar;C:\Program Files\SmartBear\ReadyAPI-3.5.2\bin\..\lib\jsoup-1.6.1.jar;C:\Program Files\SmartBear\ReadyAPI-3.5.2\bin\..\lib\jsr305-2.0.0.jar;C:\Program Files\SmartBear\ReadyAPI-3.5.2\bin\..\lib\jtidy-r872-jdk15.jar;C:\Program Files\SmartBear\ReadyAPI-3.5.2\bin\..\lib\jug-protection.jar;C:\Program Files\SmartBear\ReadyAPI-3.5.2\bin\..\lib\junit-4.12.jar;C:\Program Files\SmartBear\ReadyAPI-3.5.2\bin\..\lib\junit-jupiter-api-5.7.0.jar;C:\Program Files\SmartBear\ReadyAPI-3.5.2\bin\..\lib\junit-jupiter-engine-5.7.0.jar;C:\Program Files\SmartBear\ReadyAPI-3.5.2\bin\..\lib\junit-platform-commons-1.7.0.jar;C:\Program Files\SmartBear\ReadyAPI-3.5.2\bin\..\lib\junit-platform-engine-1.7.0.jar;C:\Program Files\SmartBear\ReadyAPI-3.5.2\bin\..\lib\junit-platform-launcher-1.7.0.jar;C:\Program Files\SmartBear\ReadyAPI-3.5.2\bin\..\lib\juniversalchardet-1.0.3.jar;C:\Program Files\SmartBear\ReadyAPI-3.5.2\bin\..\lib\jxbrowser-7.12.jar;C:\Program Files\SmartBear\ReadyAPI-3.5.2\bin\..\lib\jxbrowser-swing-7.12.jar;C:\Program Files\SmartBear\ReadyAPI-3.5.2\bin\..\lib\jxbrowser-win64-7.12.jar;C:\Program Files\SmartBear\ReadyAPI-3.5.2\bin\..\lib\jxl-2.6.12.jar;C:\Program Files\SmartBear\ReadyAPI-3.5.2\bin\..\lib\jzlib-1.1.1.jar;C:\Program Files\SmartBear\ReadyAPI-3.5.2\bin\..\lib\l2fprod-common-fontchooser-7.3.jar;C:\Program Files\SmartBear\ReadyAPI-3.5.2\bin\..\lib\languagesupport-2.6.0-fixed.jar;C:\Program Files\SmartBear\ReadyAPI-3.5.2\bin\..\lib\libphonenumber-8.0.0.jar;C:\Program Files\SmartBear\ReadyAPI-3.5.2\bin\..\lib\liquibase-core-3.6.2.jar;C:\Program Files\SmartBear\ReadyAPI-3.5.2\bin\..\lib\liquibase-slf4j-2.0.0.jar;C:\Program Files\SmartBear\ReadyAPI-3.5.2\bin\..\lib\listenablefuture-9999.0-empty-to-avoid-conflict-with-guava.jar;C:\Program Files\SmartBear\ReadyAPI-3.5.2\bin\..\lib\loadui-api-3.5.2.jar;C:\Program Files\SmartBear\ReadyAPI-3.5.2\bin\..\lib\loadui-base-3.5.2.jar;C:\Program Files\SmartBear\ReadyAPI-3.5.2\bin\..\lib\loadui-cmd-base-3.5.2.jar;C:\Program Files\SmartBear\ReadyAPI-3.5.2\bin\..\lib\loadui-component-3.5.2.jar;C:\Program Files\SmartBear\ReadyAPI-3.5.2\bin\..\lib\loadui-controller-base-3.5.2.jar;C:\Program Files\SmartBear\ReadyAPI-3.5.2\bin\..\lib\loadui-pro-agent-base-3.5.2.jar;C:\Program Files\SmartBear\ReadyAPI-3.5.2\bin\..\lib\loadui-pro-base-3.5.2.jar;C:\Program Files\SmartBear\ReadyAPI-3.5.2\bin\..\lib\loadui-pro-socket-client-3.5.2.jar;C:\Program Files\SmartBear\ReadyAPI-3.5.2\bin\..\lib\loadui-reporting-3.5.2.jar;C:\Program Files\SmartBear\ReadyAPI-3.5.2\bin\..\lib\loadui-soapui-runner-3.5.2.jar;C:\Program Files\SmartBear\ReadyAPI-3.5.2\bin\..\lib\loadui-store-h2-3.5.2.jar;C:\Program Files\SmartBear\ReadyAPI-3.5.2\bin\..\lib\loadui-test-utils-3.5.2.jar;C:\Program Files\SmartBear\ReadyAPI-3.5.2\bin\..\lib\loadui-ui-3.5.2.jar;C:\Program Files\SmartBear\ReadyAPI-3.5.2\bin\..\lib\loadui-utils-3.5.2.jar;C:\Program Files\SmartBear\ReadyAPI-3.5.2\bin\..\lib\log4j-1.2-api-2.11.0.jar;C:\Program Files\SmartBear\ReadyAPI-3.5.2\bin\..\lib\log4j-api-2.11.0.jar;C:\Program Files\SmartBear\ReadyAPI-3.5.2\bin\..\lib\log4j-core-2.11.0.jar;C:\Program Files\SmartBear\ReadyAPI-3.5.2\bin\..\lib\log4j-jcl-2.11.0.jar;C:\Program Files\SmartBear\ReadyAPI-3.5.2\bin\..\lib\log4j-jul-2.11.0.jar;C:\Program Files\SmartBear\ReadyAPI-3.5.2\bin\..\lib\log4j-slf4j-impl-2.11.0.jar;C:\Program Files\SmartBear\ReadyAPI-3.5.2\bin\..\lib\looks-2.2.0.jar;C:\Program Files\SmartBear\ReadyAPI-3.5.2\bin\..\lib\mailapi-1.4.3.jar;C:\Program Files\SmartBear\ReadyAPI-3.5.2\bin\..\lib\mbassador-1.1.10.jar;C:\Program Files\SmartBear\ReadyAPI-3.5.2\bin\..\lib\miglayout-core-5.0.jar;C:\Program Files\SmartBear\ReadyAPI-3.5.2\bin\..\lib\miglayout-swing-5.0.jar;C:\Program Files\SmartBear\ReadyAPI-3.5.2\bin\..\lib\mimepull-1.9.6.jar;C:\Program Files\SmartBear\ReadyAPI-3.5.2\bin\..\lib\mina-core-2.0.9.jar;C:\Program Files\SmartBear\ReadyAPI-3.5.2\bin\..\lib\mixpanel-java-1.4.4.jar;C:\Program Files\SmartBear\ReadyAPI-3.5.2\bin\..\lib\mongo-java-driver-3.4.2.jar;C:\Program Files\SmartBear\ReadyAPI-3.5.2\bin\..\lib\msg-simple-1.1.jar;C:\Program Files\SmartBear\ReadyAPI-3.5.2\bin\..\lib\neko-htmlunit-2.33.jar;C:\Program Files\SmartBear\ReadyAPI-3.5.2\bin\..\lib\nekohtml-1.9.14.jar;C:\Program Files\SmartBear\ReadyAPI-3.5.2\bin\..\lib\not-going-to-be-commons-ssl-0.3.20.jar;C:\Program Files\SmartBear\ReadyAPI-3.5.2\bin\..\lib\opencsv-2.3.jar;C:\Program Files\SmartBear\ReadyAPI-3.5.2\bin\..\lib\opensaml-2.5.1-1.jar;C:\Program Files\SmartBear\ReadyAPI-3.5.2\bin\..\lib\opentest4j-1.2.0.jar;C:\Program Files\SmartBear\ReadyAPI-3.5.2\bin\..\lib\openws-1.4.2-1.jar;C:\Program Files\SmartBear\ReadyAPI-3.5.2\bin\..\lib\org.apache.oltu.commons.encodedtoken-1.0.0.jar;C:\Program Files\SmartBear\ReadyAPI-3.5.2\bin\..\lib\org.apache.oltu.commons.json-1.0.0.jar;C:\Program Files\SmartBear\ReadyAPI-3.5.2\bin\..\lib\org.apache.oltu.jose.jws-1.0.1.jar;C:\Program Files\SmartBear\ReadyAPI-3.5.2\bin\..\lib\org.apache.oltu.oauth2.authzserver-1.0.0.jar;C:\Program Files\SmartBear\ReadyAPI-3.5.2\bin\..\lib\org.apache.oltu.oauth2.client-0.31.jar;C:\Program Files\SmartBear\ReadyAPI-3.5.2\bin\..\lib\org.apache.oltu.oauth2.common-0.31.jar;C:\Program Files\SmartBear\ReadyAPI-3.5.2\bin\..\lib\org.apache.oltu.oauth2.httpclient4-0.31.jar;C:\Program Files\SmartBear\ReadyAPI-3.5.2\bin\..\lib\org.apache.oltu.oauth2.jwt-1.0.1.jar;C:\Program Files\SmartBear\ReadyAPI-3.5.2\bin\..\lib\org.eclipse.egit.github.core-2.1.5.jar;C:\Program Files\SmartBear\ReadyAPI-3.5.2\bin\..\lib\org.eclipse.jgit-5.1.1.201809181055-r.jar;C:\Program Files\SmartBear\ReadyAPI-3.5.2\bin\..\lib\org.eclipse.xtend.lib-2.8.3.jar;C:\Program Files\SmartBear\ReadyAPI-3.5.2\bin\..\lib\org.eclipse.xtend.lib.macro-2.8.3.jar;C:\Program Files\SmartBear\ReadyAPI-3.5.2\bin\..\lib\org.eclipse.xtext.xbase.lib-2.8.3.jar;C:\Program Files\SmartBear\ReadyAPI-3.5.2\bin\..\lib\osgi-resource-locator-1.0.3.jar;C:\Program Files\SmartBear\ReadyAPI-3.5.2\bin\..\lib\out-app-analytics-provider-2.5.7.jar;C:\Program Files\SmartBear\ReadyAPI-3.5.2\bin\..\lib\pcap4j-core-1.7.2.jar;C:\Program Files\SmartBear\ReadyAPI-3.5.2\bin\..\lib\pcap4j-packetfactory-static-1.7.2.jar;C:\Program Files\SmartBear\ReadyAPI-3.5.2\bin\..\lib\picocli-4.5.1.jar;C:\Program Files\SmartBear\ReadyAPI-3.5.2\bin\..\lib\poi-4.1.2.jar;C:\Program Files\SmartBear\ReadyAPI-3.5.2\bin\..\lib\poi-ooxml-4.1.2.jar;C:\Program Files\SmartBear\ReadyAPI-3.5.2\bin\..\lib\poi-ooxml-schemas-4.1.2.jar;C:\Program Files\SmartBear\ReadyAPI-3.5.2\bin\..\lib\Protection-5.1.5.jar;C:\Program Files\SmartBear\ReadyAPI-3.5.2\bin\..\lib\ProtectionPriv-5.1.5.jar;C:\Program Files\SmartBear\ReadyAPI-3.5.2\bin\..\lib\proxy-vole-1.0.4.jar;C:\Program Files\SmartBear\ReadyAPI-3.5.2\bin\..\lib\qdox-1.12.1.jar;C:\Program Files\SmartBear\ReadyAPI-3.5.2\bin\..\lib\raml-parser-0.8.40.jar;C:\Program Files\SmartBear\ReadyAPI-3.5.2\bin\..\lib\reactive-streams-1.0.2.jar;C:\Program Files\SmartBear\ReadyAPI-3.5.2\bin\..\lib\ready-api-core-3.5.2.jar;C:\Program Files\SmartBear\ReadyAPI-3.5.2\bin\..\lib\ready-api-dashboard-tiles-3.5.2.jar;C:\Program Files\SmartBear\ReadyAPI-3.5.2\bin\..\lib\ready-api-db-3.5.2.jar;C:\Program Files\SmartBear\ReadyAPI-3.5.2\bin\..\lib\ready-api-integrations-3.5.2.jar;C:\Program Files\SmartBear\ReadyAPI-3.5.2\bin\..\lib\ready-api-jdbc-virts-3.5.2.jar;C:\Program Files\SmartBear\ReadyAPI-3.5.2\bin\..\lib\ready-api-license-3.5.2.jar;C:\Program Files\SmartBear\ReadyAPI-3.5.2\bin\..\lib\ready-api-projects-3.5.2.jar;C:\Program Files\SmartBear\ReadyAPI-3.5.2\bin\..\lib\ready-api-runners-3.5.2.jar;C:\Program Files\SmartBear\ReadyAPI-3.5.2\bin\..\lib\ready-api-security-3.5.2.jar;C:\Program Files\SmartBear\ReadyAPI-3.5.2\bin\..\lib\ready-api-service-v-3.5.2.jar;C:\Program Files\SmartBear\ReadyAPI-3.5.2\bin\..\lib\ready-api-service-v-core-3.5.2.jar;C:\Program Files\SmartBear\ReadyAPI-3.5.2\bin\..\lib\ready-api-soapui-3.5.2.jar;C:\Program Files\SmartBear\ReadyAPI-3.5.2\bin\..\lib\ready-api-soapui-ng-3.5.2.jar;C:\Program Files\SmartBear\ReadyAPI-3.5.2\bin\..\lib\ready-api-soapui-pro-3.5.2.jar;C:\Program Files\SmartBear\ReadyAPI-3.5.2\bin\..\lib\ready-api-starterpage-3.5.2.jar;C:\Program Files\SmartBear\ReadyAPI-3.5.2\bin\..\lib\ready-api-testserver-api-3.5.2.jar;C:\Program Files\SmartBear\ReadyAPI-3.5.2\bin\..\lib\readyapi-assertions-packaged-3.5.2.jar;C:\Program Files\SmartBear\ReadyAPI-3.5.2\bin\..\lib\reflections-0.9.9.jar;C:\Program Files\SmartBear\ReadyAPI-3.5.2\bin\..\lib\reports-1.0.jar;C:\Program Files\SmartBear\ReadyAPI-3.5.2\bin\..\lib\rhino-1.7.10.jar;C:\Program Files\SmartBear\ReadyAPI-3.5.2\bin\..\lib\rsyntaxtextarea-2.6.1.jar;C:\Program Files\SmartBear\ReadyAPI-3.5.2\bin\..\lib\saxon-9.1.0.8j.jar;C:\Program Files\SmartBear\ReadyAPI-3.5.2\bin\..\lib\saxon-dom-9.1.0.8j.jar;C:\Program Files\SmartBear\ReadyAPI-3.5.2\bin\..\lib\serializer-2.7.2.jar;C:\Program Files\SmartBear\ReadyAPI-3.5.2\bin\..\lib\slf4j-api-1.7.30.jar;C:\Program Files\SmartBear\ReadyAPI-3.5.2\bin\..\lib\slf4j-ext-1.7.30.jar;C:\Program Files\SmartBear\ReadyAPI-3.5.2\bin\..\lib\snakeyaml-1.26.jar;C:\Program Files\SmartBear\ReadyAPI-3.5.2\bin\..\lib\snmp4j-1.10.1.jar;C:\Program Files\SmartBear\ReadyAPI-3.5.2\bin\..\lib\snmp4j-agent-1.3.1.jar;C:\Program Files\SmartBear\ReadyAPI-3.5.2\bin\..\lib\SparseBitSet-1.2.jar;C:\Program Files\SmartBear\ReadyAPI-3.5.2\bin\..\lib\spring-aop-4.1.6.RELEASE.jar;C:\Program Files\SmartBear\ReadyAPI-3.5.2\bin\..\lib\spring-beans-4.1.6.RELEASE.jar;C:\Program Files\SmartBear\ReadyAPI-3.5.2\bin\..\lib\spring-context-4.1.6.RELEASE.jar;C:\Program Files\SmartBear\ReadyAPI-3.5.2\bin\..\lib\spring-core-4.1.6.RELEASE.jar;C:\Program Files\SmartBear\ReadyAPI-3.5.2\bin\..\lib\spring-expression-4.1.6.RELEASE.jar;C:\Program Files\SmartBear\ReadyAPI-3.5.2\bin\..\lib\spring-jdbc-4.1.6.RELEASE.jar;C:\Program Files\SmartBear\ReadyAPI-3.5.2\bin\..\lib\spring-tx-4.1.6.RELEASE.jar;C:\Program Files\SmartBear\ReadyAPI-3.5.2\bin\..\lib\stax2-api-4.2.jar;C:\Program Files\SmartBear\ReadyAPI-3.5.2\bin\..\lib\swagger-annotations-1.6.1.jar;C:\Program Files\SmartBear\ReadyAPI-3.5.2\bin\..\lib\swagger-annotations-2.1.0.jar;C:\Program Files\SmartBear\ReadyAPI-3.5.2\bin\..\lib\swagger-compat-spec-parser-1.0.50.jar;C:\Program Files\SmartBear\ReadyAPI-3.5.2\bin\..\lib\swagger-core-1.6.1.jar;C:\Program Files\SmartBear\ReadyAPI-3.5.2\bin\..\lib\swagger-core-2.1.2.jar;C:\Program Files\SmartBear\ReadyAPI-3.5.2\bin\..\lib\swagger-inflector-1.0.19.jar;C:\Program Files\SmartBear\ReadyAPI-3.5.2\bin\..\lib\swagger-inflector-new-2.0.5.jar;C:\Program Files\SmartBear\ReadyAPI-3.5.2\bin\..\lib\swagger-integration-2.1.0.jar;C:\Program Files\SmartBear\ReadyAPI-3.5.2\bin\..\lib\swagger-jaxrs-1.6.1.jar;C:\Program Files\SmartBear\ReadyAPI-3.5.2\bin\..\lib\swagger-jaxrs2-2.1.0.jar;C:\Program Files\SmartBear\ReadyAPI-3.5.2\bin\..\lib\swagger-jersey2-jaxrs-1.6.1.jar;C:\Program Files\SmartBear\ReadyAPI-3.5.2\bin\..\lib\swagger-models-1.6.1.jar;C:\Program Files\SmartBear\ReadyAPI-3.5.2\bin\..\lib\swagger-models-2.1.2.jar;C:\Program Files\SmartBear\ReadyAPI-3.5.2\bin\..\lib\swagger-parser-1.0.50.jar;C:\Program Files\SmartBear\ReadyAPI-3.5.2\bin\..\lib\swagger-parser-2.0.19.jar;C:\Program Files\SmartBear\ReadyAPI-3.5.2\bin\..\lib\swagger-parser-core-2.0.19.jar;C:\Program Files\SmartBear\ReadyAPI-3.5.2\bin\..\lib\swagger-parser-v2-converter-2.0.19.jar;C:\Program Files\SmartBear\ReadyAPI-3.5.2\bin\..\lib\swagger-parser-v3-2.0.19.jar;C:\Program Files\SmartBear\ReadyAPI-3.5.2\bin\..\lib\swagger4j-1.0.0.jar;C:\Program Files\SmartBear\ReadyAPI-3.5.2\bin\..\lib\swingx-soapui.jar;C:\Program Files\SmartBear\ReadyAPI-3.5.2\bin\..\lib\testng-7.3.0.jar;C:\Program Files\SmartBear\ReadyAPI-3.5.2\bin\..\lib\tika-core-1.24.1.jar;C:\Program Files\SmartBear\ReadyAPI-3.5.2\bin\..\lib\uri-template-0.9.jar;C:\Program Files\SmartBear\ReadyAPI-3.5.2\bin\..\lib\VeracodeAnnotations-1.0.4.jar;C:\Program Files\SmartBear\ReadyAPI-3.5.2\bin\..\lib\vt-crypt-2.1.4.jar;C:\Program Files\SmartBear\ReadyAPI-3.5.2\bin\..\lib\vt-dictionary-3.0.jar;C:\Program Files\SmartBear\ReadyAPI-3.5.2\bin\..\lib\vt-password-3.1.2.jar;C:\Program Files\SmartBear\ReadyAPI-3.5.2\bin\..\lib\websocket-api-9.4.12.v20180830.jar;C:\Program Files\SmartBear\ReadyAPI-3.5.2\bin\..\lib\websocket-client-9.4.12.v20180830.jar;C:\Program Files\SmartBear\ReadyAPI-3.5.2\bin\..\lib\websocket-common-9.4.12.v20180830.jar;C:\Program Files\SmartBear\ReadyAPI-3.5.2\bin\..\lib\woodstox-core-6.2.0.jar;C:\Program Files\SmartBear\ReadyAPI-3.5.2\bin\..\lib\ws-commons-util-1.0.2.jar;C:\Program Files\SmartBear\ReadyAPI-3.5.2\bin\..\lib\wsdl4j-1.6.2-fixed.jar;C:\Program Files\SmartBear\ReadyAPI-3.5.2\bin\..\lib\wss4j-1.6.18.jar;C:\Program Files\SmartBear\ReadyAPI-3.5.2\bin\..\lib\xalan-2.7.2.jar;C:\Program Files\SmartBear\ReadyAPI-3.5.2\bin\..\lib\xercesImpl-2.12.0.jar;C:\Program Files\SmartBear\ReadyAPI-3.5.2\bin\..\lib\xlsx-streamer-0.2.10-fixed.jar;C:\Program Files\SmartBear\ReadyAPI-3.5.2\bin\..\lib\xml-apis-ext-1.3.04.jar;C:\Program Files\SmartBear\ReadyAPI-3.5.2\bin\..\lib\xmlbeans-3.1.1-sb-fixed.jar;C:\Program Files\SmartBear\ReadyAPI-3.5.2\bin\..\lib\xmlgraphics-commons-2.4.jar;C:\Program Files\SmartBear\ReadyAPI-3.5.2\bin\..\lib\xmlpull-1.1.3.1.jar;C:\Program Files\SmartBear\ReadyAPI-3.5.2\bin\..\lib\xmlsec-1.5.8.jar;C:\Program Files\SmartBear\ReadyAPI-3.5.2\bin\..\lib\xmltooling-1.3.2-1.jar;C:\Program Files\SmartBear\ReadyAPI-3.5.2\bin\..\lib\xmlunit-1.2.jar;C:\Program Files\SmartBear\ReadyAPI-3.5.2\bin\..\lib\xpp3_min-1.1.4c.jar;C:\Program Files\SmartBear\ReadyAPI-3.5.2\bin\..\lib\xstream-1.4.13.jar"/><property name="sun.awt.enableExtraMouseButtons" value="true"/><property name="java.vm.vendor" value="Oracle Corporation"/><property name="sun.arch.data.model" value="64"/><property name="user.variant" value=""/><property name="java.vendor.url" value="https://java.oracle.com/"/><property name="user.timezone" value="Asia/Calcutta"/><property name="java.vm.specification.version" value="15"/><property name="os.name" value="Windows 10"/><property name="sun.java.launcher" value="SUN_STANDARD"/><property name="user.country" value="IN"/><property name="sun.boot.library.path" value="C:\Program Files\SmartBear\ReadyAPI-3.5.2\jre\bin"/><property name="sun.java.command" value="com.smartbear.ready.cmd.runner.pro.SoapUIProTestCaseRunner -shttps://api.github.com TestSuite -cGitHub TestSuite -r -a -j -fC:\Users\UdayVerma\Desktop\GitHub Activity -RTestCase Report -FHTML -EDefault environment C:\Users\UdayVerma\Desktop\GitHub Activity\REST-Project-readyapi-project.xml"/><property name="jdk.debug" value="release"/><property name="sun.cpu.endian" value="little"/><property name="user.home" value="C:\Users\UdayVerma"/><property name="user.language" value="en"/><property name="java.specification.vendor" value="Oracle Corporation"/><property name="org.eclipse.jetty.util.log.class" value="com.eviware.soapui.support.log.JettyLogger"/><property name="soapui.home" value="C:\Program Files\SmartBear\ReadyAPI-3.5.2\bin\"/><property name="java.version.date" value="2020-09-15"/><property name="java.home" value="C:\Program Files\SmartBear\ReadyAPI-3.5.2\jre"/><property name="javax.accessibility.assistive_technologies" value="com.sun.java.accessibility.AccessBridge"/><property name="file.separator" value="\"/><property name="java.vm.compressedOopsMode" value="Zero based"/><property name="line.separator" value="
"/><property name="java.vm.specification.vendor" value="Oracle Corporation"/><property name="java.specification.name" value="Java Platform API Specification"/><property name="soapui.ext.listeners" value="C:\Program Files\SmartBear\ReadyAPI-3.5.2\bin\listeners"/><property name="jxbrowser.license.key" value="GNVCT73SZ2UTA1CULLL1C5N8RGAABZS1GSJ47TVXWGJRYAPK1CQHEHREYQMJ0K66KO6H382H678V9MFP14XB4AB5WGPY8LQGNQKQ3KPJ4SDZYC4K588V0W36K5DGF"/><property name="javax.accessibility.screen_magnifier_present" value="true"/><property name="groovy.source.encoding" value="iso-8859-1"/><property name="user.script" value=""/><property name="sun.management.compiler" value="HotSpot 64-Bit Tiered Compilers"/><property name="java.runtime.version" value="15+36-1562"/><property name="user.name" value="UdayVerma"/><property name="path.separator" value=";"/><property name="os.version" value="10.0"/><property name="java.runtime.name" value="OpenJDK Runtime Environment"/><property name="file.encoding" value="Cp1252"/><property name="jnidispatch.path" value="C:\Users\UDAYVE~1\AppData\Local\Temp\jna--1387216496\jna14055574152987507869.dll"/><property name="soapui.ext.libraries" value="C:\Program Files\SmartBear\ReadyAPI-3.5.2\bin\ext"/><property name="java.vm.name" value="OpenJDK 64-Bit Server VM"/><property name="jna.loaded" value="true"/><property name="java.vendor.url.bug" value="https://bugreport.java.com/bugreport/"/><property name="java.io.tmpdir" value="C:\Users\UDAYVE~1\AppData\Local\Temp\"/><property name="java.version" value="15"/><property name="user.dir" value="C:\Program Files\SmartBear\ReadyAPI-3.5.2\bin"/><property name="os.arch" value="amd64"/><property name="test.history.disabled" value="true"/><property name="java.vm.specification.name" value="Java Virtual Machine Specification"/><property name="sun.os.patch.level" value=""/><property name="java.library.path" value="C:\Program Files\SmartBear\ReadyAPI-3.5.2\jre\bin;C:\WINDOWS\Sun\Java\bin;C:\WINDOWS\system32;C:\WINDOWS;c:\program files\smartbear\readyapi-3.5.2\jre\bin;C:\Python39\Scripts\;C:\Python39\;C:\Program Files (x86)\Common Files\Oracle\Java\javapath;C:\ProgramData\Oracle\Java\javapath;C:\Program Files\Intel\iCLS Client\;C:\WINDOWS\system32;C:\WINDOWS;C:\WINDOWS\System32\Wbem;C:\WINDOWS\System32\WindowsPowerShell\v1.0\;C:\WINDOWS\System32\OpenSSH\;C:\Program Files\Intel\WiFi\bin\;C:\Program Files\Common Files\Intel\WirelessCommon\;C:\Program Files (x86)\Intel\Intel(R) Management Engine Components\DAL;C:\Program Files\Intel\Intel(R) Management Engine Components\DAL;C:\Users\UdayVerma\Desktop\Selenium Softwares\chromedriver_win32;C:\Program Files\Java\jdk1.8.0_211\bin;C:\Users\UdayVerma\AppData\Local\Android\Sdk\tools\bin;C:\Users\UdayVerma\AppData\Local\Android\Sdk\tools;C:\Users\UdayVerma\AppData\Local\Android\Sdk\platform-tools;C:\Program Files\nodejs\;C:\ProgramData\chocolatey\bin;C:\Program Files\nodejs\node_modules\npm\bin;C:\Users\UdayVerma\Desktop\SDET\geckodriver-v0.29.0-win64;C:\Users\UdayVerma\AppData\Local\Microsoft\WindowsApps;C:\Program Files\Intel\WiFi\bin\;C:\Program Files\Common Files\Intel\WirelessCommon\;C:\Users\UdayVerma\AppData\Roaming\npm;C:\Users\UdayVerma\AppData\Local\Programs\Microsoft VS Code\bin;."/><property name="java.vm.info" value="mixed mode"/><property name="java.vendor" value="Oracle Corporation"/><property name="java.vm.version" value="15+36-1562"/><property name="sun.io.unicode.encoding" value="UnicodeLittle"/><property name="soapui.ext.actions" value="C:\Program Files\SmartBear\ReadyAPI-3.5.2\bin\actions"/><property name="java.class.version" value="59.0"/><property name="soapui.properties" value="soapui.properties"/></properties><testcase name="GitHub TestSuite" time="1.473"/></testsuite>