<?xml version="1.0" encoding="UTF-8"?>
<!-- Generated by org.testng.reporters.JUnitReportReporter -->
<testsuite skipped="1" hostname="LAPTOP-DR74PD9M" name="com.suiteCRM.CRMTestSuite" tests="2" failures="0" timestamp="2021-01-20T11:37:46 IST" time="68.823" errors="0">
  <testcase name="traversingTables2" time="68.823" classname="com.suiteCRM.CRMTestSuite"/>
  <system-out/>
  <testcase name="login" classname="com.suiteCRM.CRMTestSuite">
    <skipped/>
  </testcase> <!-- login -->
  <system-out/>
</testsuite> <!-- com.suiteCRM.CRMTestSuite -->
