<?xml version="1.0" encoding="UTF-8"?>
<!-- Generated by org.testng.reporters.JUnitReportReporter -->
<testsuite skipped="0" hostname="LAPTOP-DR74PD9M" name="com.suiteCRM.tests.Activity9" tests="2" failures="0" timestamp="2021-01-21T11:17:49 IST" time="8.491" errors="0">
  <testcase name="login" time="3.233" classname="com.suiteCRM.tests.Activity9"/>
  <system-out/>
  <testcase name="traversingTables2" time="5.258" classname="com.suiteCRM.tests.Activity9"/>
  <system-out/>
</testsuite> <!-- com.suiteCRM.tests.Activity9 -->
