<?xml version="1.0" encoding="UTF-8"?>
<!-- Generated by org.testng.reporters.JUnitReportReporter -->
<testsuite skipped="0" hostname="LAPTOP-DR74PD9M" name="com.suiteCRM.Activity3" tests="1" failures="0" timestamp="2021-01-21T09:55:15 IST" time="0.166" errors="0">
  <testcase name="copyRightText" time="0.166" classname="com.suiteCRM.Activity3"/>
  <system-out/>
</testsuite> <!-- com.suiteCRM.Activity3 -->
