<?xml version="1.0" encoding="UTF-8"?>
<!-- Generated by org.testng.reporters.JUnitReportReporter -->
<testsuite skipped="0" hostname="LAPTOP-DR74PD9M" name="com.suiteCRM.tests.Activity6" tests="2" failures="0" timestamp="2021-01-21T10:07:13 IST" time="3.486" errors="0">
  <testcase name="login" time="3.197" classname="com.suiteCRM.tests.Activity6"/>
  <system-out/>
  <testcase name="activitiesMenu" time="0.289" classname="com.suiteCRM.tests.Activity6"/>
  <system-out/>
</testsuite> <!-- com.suiteCRM.tests.Activity6 -->
