<?xml version="1.0" encoding="UTF-8"?>
<!-- Generated by org.testng.reporters.JUnitReportReporter -->
<testsuite skipped="0" hostname="LAPTOP-DR74PD9M" name="com.suiteCRM.tests.Activity5" tests="2" failures="0" timestamp="2021-01-21T10:04:59 IST" time="2.909" errors="0">
  <testcase name="login" time="2.876" classname="com.suiteCRM.tests.Activity5"/>
  <system-out/>
  <testcase name="navigationMenuColor" time="0.033" classname="com.suiteCRM.tests.Activity5"/>
  <system-out/>
</testsuite> <!-- com.suiteCRM.tests.Activity5 -->
