<?xml version="1.0" encoding="UTF-8"?>
<!-- Generated by org.testng.reporters.JUnitReportReporter -->
<testsuite skipped="0" hostname="LAPTOP-DR74PD9M" name="com.suiteCRM.Activity1" tests="1" failures="0" timestamp="2021-01-21T09:51:06 IST" time="0.030" errors="0">
  <testcase name="verifyTitle" time="0.030" classname="com.suiteCRM.Activity1"/>
  <system-out/>
</testsuite> <!-- com.suiteCRM.Activity1 -->
