<?xml version="1.0" encoding="UTF-8"?>
<!-- Generated by org.testng.reporters.JUnitReportReporter -->
<testsuite skipped="0" hostname="LAPTOP-DR74PD9M" name="com.suiteCRM.tests.Activity8" tests="2" failures="0" timestamp="2021-01-21T10:26:48 IST" time="6.993" errors="0">
  <testcase name="login" time="2.954" classname="com.suiteCRM.tests.Activity8"/>
  <system-out/>
  <testcase name="traversingTables" time="4.039" classname="com.suiteCRM.tests.Activity8"/>
  <system-out/>
</testsuite> <!-- com.suiteCRM.tests.Activity8 -->
