<?xml version="1.0" encoding="UTF-8"?>
<!-- Generated by org.testng.reporters.JUnitReportReporter -->
<testsuite skipped="0" hostname="LAPTOP-DR74PD9M" name="com.suiteCRM.Activity4" tests="1" failures="0" timestamp="2021-01-21T09:57:53 IST" time="2.976" errors="0">
  <testcase name="login" time="2.976" classname="com.suiteCRM.Activity4"/>
  <system-out/>
</testsuite> <!-- com.suiteCRM.Activity4 -->
