<?xml version="1.0" encoding="UTF-8"?>
<!-- Generated by org.testng.reporters.JUnitReportReporter -->
<testsuite skipped="0" hostname="LAPTOP-DR74PD9M" name="com.suiteCRM.Activity2" tests="1" failures="0" timestamp="2021-01-21T09:53:12 IST" time="0.123" errors="0">
  <testcase name="headerImageURL" time="0.123" classname="com.suiteCRM.Activity2"/>
  <system-out/>
</testsuite> <!-- com.suiteCRM.Activity2 -->
