<?xml version="1.0" encoding="UTF-8"?>
<!-- Generated by org.testng.reporters.JUnitReportReporter -->
<testsuite skipped="0" hostname="LAPTOP-DR74PD9M" name="com.suiteCRM.tests.Activity7" tests="2" failures="0" timestamp="2021-01-21T10:16:59 IST" time="18.991" errors="0">
  <testcase name="login" time="2.932" classname="com.suiteCRM.tests.Activity7"/>
  <system-out/>
  <testcase name="readAdditionalInfo" time="16.059" classname="com.suiteCRM.tests.Activity7"/>
  <system-out/>
</testsuite> <!-- com.suiteCRM.tests.Activity7 -->
