<?xml version="1.0" encoding="UTF-8"?>
<!-- Generated by org.testng.reporters.JUnitReportReporter -->
<testsuite skipped="0" hostname="LAPTOP-DR74PD9M" name="com.suiteCRM.tests.Activity4" tests="1" failures="0" timestamp="2021-01-21T10:03:04 IST" time="2.929" errors="0">
  <testcase name="login" time="2.929" classname="com.suiteCRM.tests.Activity4"/>
  <system-out/>
</testsuite> <!-- com.suiteCRM.tests.Activity4 -->
